IDENT	judge_for2020
lparen	(
rparen	)
lbparen	{
intsys	int
IDENT	a
eql	=
NUMBER	10
semicolon	;
IDENT	b
eql	=
IDENT	a
plus	+
NUMBER	20
semicolon	;
dosys	do
lbparen	{
ifsys	if
lparen	(
IDENT	b
gtr	>
IDENT	a
rparen	)
continuesys	continue
semicolon	;
rbparen	}
whilesys	while
lparen	(
NUMBER	1
rparen	)
semicolon	;
forsys	for
lparen	(
intsys	int
IDENT	i
eql	=
NUMBER	0
semicolon	;
IDENT	i
leg	<=
NUMBER	3
semicolon	;
IDENT	i
eql	=
IDENT	i
plus	+
NUMBER	1
rparen	)
ifsys	if
lparen	(
IDENT	a
neq	!=
IDENT	b
rparen	)
IDENT	a
eql	=
IDENT	a
	*
IDENT	b
minus	-
IDENT	b
slash	/
NUMBER	3
semicolon	;
IDENT	else
breaksys	break
semicolon	;
error	&
rbparen	}
